Started by user [8mha:////4Bv8lJtphoNBMaN1x90KQvrpGkr/+wCBh7u/TiTASV8qAAAAlx+LCAAAAAAAAP9b85aBtbiIQTGjNKU4P08vOT+vOD8nVc83PyU1x6OyILUoJzMv2y+/JJUBAhiZGBgqihhk0NSjKDWzXb3RdlLBUSYGJk8GtpzUvPSSDB8G5tKinBIGIZ+sxLJE/ZzEvHT94JKizLx0a6BxUmjGOUNodHsLgAzWEgZu/dLi1CL9xJTczDwAj6GcLcAAAAA=[0madmin
Running as SYSTEM
Building in workspace C:\Jenkins
The recommended git tool is: NONE
No credentials specified
 > git.exe rev-parse --resolve-git-dir C:\Jenkins\.git # timeout=10
Fetching changes from the remote Git repository
 > git.exe config remote.origin.url https://github.com/RV2022ATQC/CrashCourseAT2022.git # timeout=10
Fetching upstream changes from https://github.com/RV2022ATQC/CrashCourseAT2022.git
 > git.exe --version # timeout=10
 > git --version # 'git version 2.35.1.windows.2'
 > git.exe fetch --tags --force --progress -- https://github.com/RV2022ATQC/CrashCourseAT2022.git +refs/heads/*:refs/remotes/origin/* # timeout=10
 > git.exe rev-parse "origin/main^{commit}" # timeout=10
Checking out Revision bdb3b82b9b99df4dd8a6eb3929d66441db91b380 (origin/main)
 > git.exe config core.sparsecheckout # timeout=10
 > git.exe checkout -f bdb3b82b9b99df4dd8a6eb3929d66441db91b380 # timeout=10
Commit message: "Merge branch 'main' of https://github.com/RV2022ATQC/CrashCourseAT2022"
 > git.exe rev-list --no-walk bdb3b82b9b99df4dd8a6eb3929d66441db91b380 # timeout=10
Path To MSBuild.exe: C:\Windows\Microsoft.NET\Framework\v4.0.30319\msbuild.exe
Executing the command cmd.exe /C " chcp 1252 & C:\Windows\Microsoft.NET\Framework\v4.0.30319\msbuild.exe C:\Jenkins\Projects\Examples\TestFramework\TestFramework.sln " && exit %%ERRORLEVEL%% from C:\Jenkins
[Jenkins] $ cmd.exe /C " chcp 1252 & C:\Windows\Microsoft.NET\Framework\v4.0.30319\msbuild.exe C:\Jenkins\Projects\Examples\TestFramework\TestFramework.sln " && exit %%ERRORLEVEL%%
Active code page: 1252
Microsoft (R) Build Engine version 4.8.4084.0
[Microsoft .NET Framework, version 4.0.30319.42000]
Copyright (C) Microsoft Corporation. All rights reserved.

Building the projects in this solution one at a time. To enable parallel build, please add the "/m" switch.
Build started 5/30/2022 6:44:25 PM.
Project "C:\Jenkins\Projects\Examples\TestFramework\TestFramework.sln" on node 1 (default targets).
ValidateSolutionConfiguration:
  Building solution configuration "Debug|Any CPU".
Project "C:\Jenkins\Projects\Examples\TestFramework\TestFramework.sln" (1) is building "C:\Jenkins\Projects\Examples\TestFramework\TestFramework\TestFramework.csproj" (2) on node 1 (default targets).
Project file contains ToolsVersion="14.0". This toolset may be unknown or missing, in which case you may be able to resolve this by installing the appropriate version of MSBuild, or the build may have been forced to a particular ToolsVersion for policy reasons. Treating the project as if it had ToolsVersion="4.0". For more information, please see http://go.microsoft.com/fwlink/?LinkId=291333.
[8mha:////4MUbhvQs1ybMy42BKSb2ZW+l7LxPh2WtJc2TjNhpgRA5AAAAZR+LCAAAAAAAAP9b85aBtbiIQT2jNKU4P0+vIKc0PTOvWC+3OKk0MydFzzfYCUS7FhXlF/nll6RqTW873+akuJiJgaGiiEEKqis5P684PydVzxlCgxQyQAAjSGEBAFZoBDtlAAAA[0mC:\Jenkins\Projects\Examples\TestFramework\TestFramework\TestFramework.csproj(235,5): error : This project references NuGet package(s) that are missing on this computer. Use NuGet Package Restore to download them.  For more information, see http://go.microsoft.com/fwlink/?LinkID=322105. The missing file is ..\packages\NUnit.3.10.1\build\NUnit.props.
_CleanRecordFileWrites:
  Creating directory "obj\Debug\".
Done Building Project "C:\Jenkins\Projects\Examples\TestFramework\TestFramework\TestFramework.csproj" (default targets) -- FAILED.
Done Building Project "C:\Jenkins\Projects\Examples\TestFramework\TestFramework.sln" (default targets) -- FAILED.

Build FAILED.

"C:\Jenkins\Projects\Examples\TestFramework\TestFramework.sln" (default target) (1) ->
"C:\Jenkins\Projects\Examples\TestFramework\TestFramework\TestFramework.csproj" (default target) (2) ->
(EnsureNuGetPackageBuildImports target) -> 
[8mha:////4MUbhvQs1ybMy42BKSb2ZW+l7LxPh2WtJc2TjNhpgRA5AAAAZR+LCAAAAAAAAP9b85aBtbiIQT2jNKU4P0+vIKc0PTOvWC+3OKk0MydFzzfYCUS7FhXlF/nll6RqTW873+akuJiJgaGiiEEKqis5P684PydVzxlCgxQyQAAjSGEBAFZoBDtlAAAA[0m  C:\Jenkins\Projects\Examples\TestFramework\TestFramework\TestFramework.csproj(235,5): error : This project references NuGet package(s) that are missing on this computer. Use NuGet Package Restore to download them.  For more information, see http://go.microsoft.com/fwlink/?LinkID=322105. The missing file is ..\packages\NUnit.3.10.1\build\NUnit.props.

    0 Warning(s)
    1 Error(s)

Time Elapsed 00:00:00.46
Build step 'Build a Visual Studio project or solution using MSBuild' marked build as failure
ERROR: Build step failed with exception
ru.yandex.qatools.allure.jenkins.exception.AllurePluginException: Can not find any allure commandline installation.
	at ru.yandex.qatools.allure.jenkins.AllureReportPublisher.getCommandline(AllureReportPublisher.java:349)
	at ru.yandex.qatools.allure.jenkins.AllureReportPublisher.generateReport(AllureReportPublisher.java:303)
	at ru.yandex.qatools.allure.jenkins.AllureReportPublisher.perform(AllureReportPublisher.java:231)
	at jenkins.tasks.SimpleBuildStep.perform(SimpleBuildStep.java:123)
	at hudson.tasks.BuildStepCompatibilityLayer.perform(BuildStepCompatibilityLayer.java:79)
	at hudson.tasks.BuildStepMonitor$1.perform(BuildStepMonitor.java:20)
	at hudson.model.AbstractBuild$AbstractBuildExecution.perform(AbstractBuild.java:814)
	at hudson.model.AbstractBuild$AbstractBuildExecution.performAllBuildSteps(AbstractBuild.java:763)
	at hudson.model.Build$BuildExecution.post2(Build.java:179)
	at hudson.model.AbstractBuild$AbstractBuildExecution.post(AbstractBuild.java:707)
	at hudson.model.Run.execute(Run.java:1921)
	at hudson.model.FreeStyleBuild.run(FreeStyleBuild.java:44)
	at hudson.model.ResourceController.execute(ResourceController.java:101)
	at hudson.model.Executor.run(Executor.java:442)
Build step 'Allure Report' marked build as failure
Finished: FAILURE
