Started by user [8mha:////4OuY7d4ue8pAXtEDr+0KI5fvqhv3xiY6BX2+b5k8SI64AAAAlx+LCAAAAAAAAP9b85aBtbiIQTGjNKU4P08vOT+vOD8nVc83PyU1x6OyILUoJzMv2y+/JJUBAhiZGBgqihhk0NSjKDWzXb3RdlLBUSYGJk8GtpzUvPSSDB8G5tKinBIGIZ+sxLJE/ZzEvHT94JKizLx0a6BxUmjGOUNodHsLgAzWEgZu/dLi1CL9xJTczDwAj6GcLcAAAAA=[0madmin
Running as SYSTEM
Building in workspace C:\Team2
The recommended git tool is: NONE
No credentials specified
 > C:\Users\aromanuk\AppData\Local\GitHubDesktop\app-2.6.3\resources\app\git\cmd\git.exe rev-parse --is-inside-work-tree # timeout=10
Fetching changes from the remote Git repository
 > C:\Users\aromanuk\AppData\Local\GitHubDesktop\app-2.6.3\resources\app\git\cmd\git.exe config remote.origin.url https://github.com/RV2021ATQC/CrashCourseAT.git # timeout=10
Fetching upstream changes from https://github.com/RV2021ATQC/CrashCourseAT.git
 > C:\Users\aromanuk\AppData\Local\GitHubDesktop\app-2.6.3\resources\app\git\cmd\git.exe --version # timeout=10
 > git --version # 'git version 2.29.2.windows.3'
 > C:\Users\aromanuk\AppData\Local\GitHubDesktop\app-2.6.3\resources\app\git\cmd\git.exe fetch --tags --force --progress -- https://github.com/RV2021ATQC/CrashCourseAT.git +refs/heads/*:refs/remotes/origin/* # timeout=10
 > C:\Users\aromanuk\AppData\Local\GitHubDesktop\app-2.6.3\resources\app\git\cmd\git.exe rev-parse "origin/main^{commit}" # timeout=10
Checking out Revision e3e66875da942c6662b2ca593b125226749dc394 (origin/main)
 > C:\Users\aromanuk\AppData\Local\GitHubDesktop\app-2.6.3\resources\app\git\cmd\git.exe config core.sparsecheckout # timeout=10
 > C:\Users\aromanuk\AppData\Local\GitHubDesktop\app-2.6.3\resources\app\git\cmd\git.exe checkout -f e3e66875da942c6662b2ca593b125226749dc394 # timeout=10
Commit message: "Merge pull request #111 from taniamos09/testframeworkbranch1"
 > C:\Users\aromanuk\AppData\Local\GitHubDesktop\app-2.6.3\resources\app\git\cmd\git.exe rev-list --no-walk e3e66875da942c6662b2ca593b125226749dc394 # timeout=10
Path To MSBuild.exe: C:\Program Files (x86)\Microsoft Visual Studio\2019\Community\MSBuild\Current\Bin\msbuild.exe
Executing the command cmd.exe /C " chcp 1252 & "C:\Program Files (x86)\Microsoft Visual Studio\2019\Community\MSBuild\Current\Bin\msbuild.exe" "C:\Team2\Projects\Team2\Framework Team 2\Framework.sln" " && exit %%ERRORLEVEL%% from C:\Team2
[Team2] $ cmd.exe /C " chcp 1252 & "C:\Program Files (x86)\Microsoft Visual Studio\2019\Community\MSBuild\Current\Bin\msbuild.exe" "C:\Team2\Projects\Team2\Framework Team 2\Framework.sln" " && exit %%ERRORLEVEL%%
Active code page: 1252
Microsoft (R) Build Engine version 16.8.3+39993bd9d for .NET Framework
Copyright (C) Microsoft Corporation. All rights reserved.

Building the projects in this solution one at a time. To enable parallel build, please add the "-m" switch.
Build started 3/11/2021 11:33:58 AM.
Project "C:\Team2\Projects\Team2\Framework Team 2\Framework.sln" on node 1 (default targets).
ValidateSolutionConfiguration:
  Building solution configuration "Debug|Any CPU".
Project "C:\Team2\Projects\Team2\Framework Team 2\Framework.sln" (1) is building "C:\Team2\Projects\Team2\Framework Team 2\Framework\Framework.csproj" (2) on node 1 (default targets).
[8mha:////4Mpz4oTqyEPjtQbJ7vX9Gl/DzX/58dwSz3DXwXhYZUIYAAAAZR+LCAAAAAAAAP9b85aBtbiIQT2jNKU4P0+vIKc0PTOvWC+3OKk0MydFzzfYCUS7FhXlF/nll6RqTW873+akuJiJgaGiiEEKqis5P684PydVzxlCgxQyQAAjSGEBAFZoBDtlAAAA[0mC:\Team2\Projects\Team2\Framework Team 2\Framework\Framework.csproj(157,5): error : ?????? ?????? ????????? ?? ?????? NuGet, ????????????? ?? ???? ??????????. ??????????? ?????????????? ??????? NuGet, ????? ??????? ??.  ?????????????? ?????????? ??. ?? ??????: http://go.microsoft.com/fwlink/?LinkID=322105. ??????????? ????????? ????: ..\packages\MSTest.TestAdapter.1.3.2\build\net45\MSTest.TestAdapter.props.
_CleanRecordFileWrites:
  Creating directory "obj\Debug\".
Done Building Project "C:\Team2\Projects\Team2\Framework Team 2\Framework\Framework.csproj" (default targets) -- FAILED.
Done Building Project "C:\Team2\Projects\Team2\Framework Team 2\Framework.sln" (default targets) -- FAILED.

Build FAILED.

"C:\Team2\Projects\Team2\Framework Team 2\Framework.sln" (default target) (1) ->
"C:\Team2\Projects\Team2\Framework Team 2\Framework\Framework.csproj" (default target) (2) ->
(EnsureNuGetPackageBuildImports target) -> 
[8mha:////4Mpz4oTqyEPjtQbJ7vX9Gl/DzX/58dwSz3DXwXhYZUIYAAAAZR+LCAAAAAAAAP9b85aBtbiIQT2jNKU4P0+vIKc0PTOvWC+3OKk0MydFzzfYCUS7FhXlF/nll6RqTW873+akuJiJgaGiiEEKqis5P684PydVzxlCgxQyQAAjSGEBAFZoBDtlAAAA[0m  C:\Team2\Projects\Team2\Framework Team 2\Framework\Framework.csproj(157,5): error : ?????? ?????? ????????? ?? ?????? NuGet, ????????????? ?? ???? ??????????. ??????????? ?????????????? ??????? NuGet, ????? ??????? ??.  ?????????????? ?????????? ??. ?? ??????: http://go.microsoft.com/fwlink/?LinkID=322105. ??????????? ????????? ????: ..\packages\MSTest.TestAdapter.1.3.2\build\net45\MSTest.TestAdapter.props.

    0 Warning(s)
    1 Error(s)

Time Elapsed 00:00:00.23
Build step 'Build a Visual Studio project or solution using MSBuild' marked build as failure
Finished: FAILURE
